[23:11:01] [main/INFO]: Loading Minecraft 1.20.1 with Fabric Loader 0.14.23
[23:11:01] [ForkJoinPool-1-worker-7/WARN]: Mod ends_delight uses the version refabricated-1.20.1-2.1 which isn't compatible with Loader's extended semantic version format (Could not parse version number component 'refabricated'!), SemVer is recommended for reliably evaluating dependencies and prioritizing newer version
[23:11:01] [ForkJoinPool-1-worker-7/WARN]: Mod oceansdelight uses the version fdrf-fabric-1.0.2-1.20 which isn't compatible with Loader's extended semantic version format (Could not parse version number component 'fdrf'!), SemVer is recommended for reliably evaluating dependencies and prioritizing newer version
[23:11:01] [ForkJoinPool-1-worker-12/WARN]: Mod tectonic uses the version 2.3.5b which isn't compatible with Loader's extended semantic version format (Could not parse version number component '5b'!), SemVer is recommended for reliably evaluating dependencies and prioritizing newer version
[23:11:01] [main/INFO]: Dependencies overridden for minecraft, lambdynlights, fabricloader, debugify
[23:11:01] [main/WARN]: Mod resolution failed
[23:11:01] [main/INFO]: Immediate reason: [HARD_DEP advancementinfo 1.20-fabric0.83.0-1.4 {depends cloth-config2 @ [>=5.0.0]}, HARD_DEP_NO_CANDIDATE geckolib 4.4.4 {depends fabricloader @ [>=0.15.3]}, HARD_DEP naturalist 4.0.3 {depends geckolib @ [>=4.0.0]}, NESTED_REQ_PARENT cloth-config 8.2.88, ROOT_FORCELOAD_SINGLE advancementinfo 1.20-fabric0.83.0-1.4]
[23:11:01] [main/INFO]: Reason: [NEG_HARD_DEP create 0.5.1-d-build.1161+mc1.20.1 {breaks sodium @ [>=0.5.0]}, HARD_DEP geckolib 4.4.4 {depends fabricloader @ [>=0.15.3]}, HARD_DEP jei 15.3.0.8 {depends fabricloader @ [>=0.15.11]}, HARD_DEP jei 15.3.0.8 {depends fabric-api @ [>=0.92.2+1.20.1]}, HARD_DEP moreculling 1.20.1-0.19.0 {depends cloth-config @ [>=11.0.99]}, HARD_DEP tectonic 2.3.5b {depends fabricloader @ [>=0.15]}]
[23:11:01] [main/INFO]: Fix: add [], remove [], replace [[jei 15.3.0.8] -> add:jei 1 ([(-?,?)]), [fabricloader 0.14.23] -> add:fabricloader 0.15.11 ([[0.15.3,?)]), [create 0.5.1-d-build.1161+mc1.20.1] -> add:create 1 ([(-?,?)]), [moreculling 1.20.1-0.19.0] -> add:moreculling 1 ([(-?,?)])]
[23:11:01] [main/ERROR]: Incompatible mods found!
net.fabricmc.loader.impl.FormattedException: Some of your mods are incompatible with the game or each other!
A potential solution has been determined, this may resolve your problem:
	 - Replace mod 'Just Enough Items' (jei) 15.3.0.8 with any version that is compatible with:
		 - fabricloader, version 0.15.3 or later
		 - fabric-api 0.91.0+1.20.1
	 - Replace mod 'Fabric Loader' (fabricloader) 0.14.23 with version 0.15.3 or later.
	 - Replace mod 'Create' (create) 0.5.1-d-build.1161+mc1.20.1 with any version that is compatible with:
		 - fabricloader, version 0.15.3 or later
		 - sodium 0.5.3
	 - Replace mod 'More Culling' (moreculling) 1.20.1-0.19.0 with any version that is compatible with:
		 - fabricloader, version 0.15.3 or later
		 - cloth-config 8.2.88
More details:
	 - Mod 'Create' (create) 0.5.1-d-build.1161+mc1.20.1 is incompatible with version 0.5.0 or later of mod 'Sodium' (sodium), but a matching version is present: 0.5.3!
	 - Mod 'GeckoLib 4' (geckolib) 4.4.4 requires version 0.15.3 or later of mod 'Fabric Loader' (fabricloader), but only the wrong version is present: 0.14.23!
	 - Mod 'Just Enough Items' (jei) 15.3.0.8 requires version 0.15.11 or later of mod 'Fabric Loader' (fabricloader), but only the wrong version is present: 0.14.23!
	 - Mod 'Just Enough Items' (jei) 15.3.0.8 requires version 0.92.2+1.20.1 or later of mod 'Fabric API' (fabric-api), but only the wrong version is present: 0.91.0+1.20.1!
	 - Mod 'More Culling' (moreculling) 1.20.1-0.19.0 requires version 11.0.99 or later of mod 'Cloth Config v8' (cloth-config), but only the wrong version is present: 8.2.88!
	 - Mod 'Tectonic' (tectonic) 2.3.5b requires version 0.15 or later of mod 'Fabric Loader' (fabricloader), but only the wrong version is present: 0.14.23!
	at net.fabricmc.loader.impl.FormattedException.ofLocalized(FormattedException.java:51) ~[fabric-loader-0.14.23.jar:?]
	at net.fabricmc.loader.impl.FabricLoaderImpl.load(FabricLoaderImpl.java:194) ~[fabric-loader-0.14.23.jar:?]
	at net.fabricmc.loader.impl.launch.knot.Knot.init(Knot.java:146) ~[fabric-loader-0.14.23.jar:?]
	at net.fabricmc.loader.impl.launch.knot.Knot.launch(Knot.java:68) ~[fabric-loader-0.14.23.jar:?]
	at net.fabricmc.loader.impl.launch.knot.KnotClient.main(KnotClient.java:23) ~[fabric-loader-0.14.23.jar:?]
